This is pdfTeXk, Version 3.1415926-1.40.9 (Web2C 7.5.7) (format=pdflatex 2017.12.27)  31 JAN 2019 13:56
entering extended mode
 %&-line parsing enabled.
**polsl-msth.dtx
(./polsl-msth.dtx
LaTeX2e <2005/12/01>
Babel <v3.8l> and hyphenation patterns for english, usenglishmax, dumylang, noh
yphenation, german-x-2008-06-18, ngerman-x-2008-06-18, ancientgreek, ibycus, ar
abic, basque, bulgarian, catalan, pinyin, coptic, croatian, czech, danish, dutc
h, esperanto, estonian, farsi, finnish, french, galician, german, ngerman, mono
greek, greek, hungarian, icelandic, indonesian, interlingua, irish, italian, la
tin, mongolian, mongolian2a, bokmal, nynorsk, polish, portuguese, romanian, rus
sian, sanskrit, serbian, slovak, slovenian, spanish, swedish, turkish, ukenglis
h, ukrainian, uppersorbian, welsh, loaded.
(/usr/share/texmf-dist/tex/latex/base/docstrip.tex
\blockLevel=\count79
\emptyLines=\count80
\processedLines=\count81
\commentsRemoved=\count82
\commentsPassed=\count83
\codeLinesPassed=\count84
\TotalprocessedLines=\count85
\TotalcommentsRemoved=\count86
\TotalcommentsPassed=\count87
\TotalcodeLinesPassed=\count88
\NumberOfFiles=\count89
\inFile=\read1
\inputcheck=\read2
\off@0=\count90
\off@1=\count91
\off@2=\count92
\off@3=\count93
\off@4=\count94
\off@5=\count95
\off@6=\count96
\off@7=\count97
\off@8=\count98
\off@9=\count99
\off@10=\count100
\off@11=\count101
\off@12=\count102
\off@13=\count103
\off@14=\count104
\off@15=\count105
\@maxfiles=\count106
\@maxoutfiles=\count107

Utility: `docstrip' 2.5d <2005/07/29>
English documentation    <1999/03/31>

**********************************************************
* This program converts documented macro-files into fast *
* loadable files by stripping off (nearly) all comments! *
**********************************************************

********************************************************
* No Configuration file found, using default settings. *
********************************************************

)

Generating file(s) ./polsl-msth.cls 
\openout0 = `./polsl-msth.cls'.


Processing file polsl-msth.dtx (class) -> polsl-msth.cls
File polsl-msth.dtx ended by \endinput.
Lines  processed: 582
Comments removed: 149
Comments  passed: 8
Codelines passed: 363


Generating file(s) ./polsl-msth-example.tex 
\openout0 = `./polsl-msth-example.tex'.


Processing file polsl-msth.dtx (example) -> polsl-msth-example.tex
File polsl-msth.dtx ended by \endinput.
Lines  processed: 582
Comments removed: 149
Comments  passed: 8
Codelines passed: 363


Generating file(s) ./polsl-msth.ins 
\openout0 = `./polsl-msth.ins'.


Processing file polsl-msth.dtx (install) -> polsl-msth.ins
File polsl-msth.dtx ended by \endinput.
Lines  processed: 582
Comments removed: 149
Comments  passed: 8
Codelines passed: 363


Generating file(s) ./README.txt 
\openout0 = `./README.txt'.


Processing file polsl-msth.dtx (readme) -> README.txt
File polsl-msth.dtx ended by \endinput.
Lines  processed: 582
Comments removed: 149
Comments  passed: 8
Codelines passed: 363

File: polsl-msth.dtx 2018/01/12 v0.0.1-statement Silesian University of Technol
ogy, Ms thesis class
(/usr/share/texmf-dist/tex/latex/base/ltxdoc.cls
Document Class: ltxdoc 1999/08/08 v2.0u Standard LaTeX documentation class
(/usr/share/texmf-dist/tex/latex/base/article.cls
Document Class: article 2005/09/16 v1.4f Standard LaTeX document class
(/usr/share/texmf-dist/tex/latex/base/size10.clo
File: size10.clo 2005/09/16 v1.4f Standard LaTeX file (size option)
)
\c@part=\count108
\c@section=\count109
\c@subsection=\count110
\c@subsubsection=\count111
\c@paragraph=\count112
\c@subparagraph=\count113
\c@figure=\count114
\c@table=\count115
\abovecaptionskip=\skip41
\belowcaptionskip=\skip42
\bibindent=\dimen102
)
(/usr/share/texmf-dist/tex/latex/base/doc.sty
Package: doc 2006/02/02 v2.1d Standard LaTeX documentation package (FMi)
\c@StandardModuleDepth=\count116
\guard@level=\count117
\MacrocodeTopsep=\skip43
\MacroIndent=\dimen103
\macro@cnt=\count118
\MacroTopsep=\skip44
\index@excludelist=\toks14

(/usr/share/texmf-dist/tex/latex/tools/multicol.sty
Package: multicol 2006/05/18 v1.6g multicolumn formatting (FMi)
\c@tracingmulticols=\count119
\mult@box=\box26
\multicol@leftmargin=\dimen104
\c@unbalance=\count120
\c@collectmore=\count121
\doublecol@number=\count122
\multicoltolerance=\count123
\multicolpretolerance=\count124
\full@width=\dimen105
\page@free=\dimen106
\premulticols=\dimen107
\postmulticols=\dimen108
\multicolsep=\skip45
\multicolbaselineskip=\skip46
\partial@page=\box27
\last@line=\box28
\mult@rightbox=\box29
\mult@grightbox=\box30
\mult@gfirstbox=\box31
\mult@firstbox=\box32
\@tempa=\box33
\@tempa=\box34
\@tempa=\box35
\@tempa=\box36
\@tempa=\box37
\@tempa=\box38
\@tempa=\box39
\@tempa=\box40
\@tempa=\box41
\@tempa=\box42
\@tempa=\box43
\@tempa=\box44
\@tempa=\box45
\@tempa=\box46
\@tempa=\box47
\@tempa=\box48
\@tempa=\box49
\c@columnbadness=\count125
\c@finalcolumnbadness=\count126
\last@try=\dimen109
\multicolovershoot=\dimen110
\multicolundershoot=\dimen111
\mult@nat@firstbox=\box50
\colbreak@box=\box51
)
\IndexMin=\dimen112
\c@IndexColumns=\count127
\GlossaryMin=\dimen113
\c@GlossaryColumns=\count128
\check@sum=\count129
\bslash@cnt=\count130
\wrong@table=\toks15
\c@CodelineNo=\count131
))
\@indexfile=\write3
\openout3 = `polsl-msth.idx'.


Writing index file polsl-msth.idx
\@glossaryfile=\write4
\openout4 = `polsl-msth.glo'.

Writing glossary file polsl-msth.glo 
(/usr/share/texmf-dist/tex/latex/base/fontenc.sty
Package: fontenc 2005/09/27 v1.99g Standard LaTeX package

(/usr/share/texmf-dist/tex/latex/base/t1enc.def
File: t1enc.def 2005/09/27 v1.99g Standard LaTeX file
LaTeX Font Info:    Redeclaring font encoding T1 on input line 43.
))
(/usr/share/texmf-dist/tex/latex/lm/lmodern.sty
Package: lmodern 2007/01/14 v1.3 Latin Modern Fonts
LaTeX Font Info:    Overwriting symbol font `operators' in version `normal'
(Font)                  OT1/cmr/m/n --> OT1/lmr/m/n on input line 13.
LaTeX Font Info:    Overwriting symbol font `letters' in version `normal'
(Font)                  OML/cmm/m/it --> OML/lmm/m/it on input line 14.
LaTeX Font Info:    Overwriting symbol font `symbols' in version `normal'
(Font)                  OMS/cmsy/m/n --> OMS/lmsy/m/n on input line 15.
LaTeX Font Info:    Overwriting symbol font `largesymbols' in version `normal'
(Font)                  OMX/cmex/m/n --> OMX/lmex/m/n on input line 16.
LaTeX Font Info:    Overwriting symbol font `operators' in version `bold'
(Font)                  OT1/cmr/bx/n --> OT1/lmr/bx/n on input line 17.
LaTeX Font Info:    Overwriting symbol font `letters' in version `bold'
(Font)                  OML/cmm/b/it --> OML/lmm/b/it on input line 18.
LaTeX Font Info:    Overwriting symbol font `symbols' in version `bold'
(Font)                  OMS/cmsy/b/n --> OMS/lmsy/b/n on input line 19.
LaTeX Font Info:    Overwriting symbol font `largesymbols' in version `bold'
(Font)                  OMX/cmex/m/n --> OMX/lmex/m/n on input line 20.
LaTeX Font Info:    Overwriting math alphabet `\mathbf' in version `normal'
(Font)                  OT1/cmr/bx/n --> OT1/lmr/bx/n on input line 22.
LaTeX Font Info:    Overwriting math alphabet `\mathsf' in version `normal'
(Font)                  OT1/cmss/m/n --> OT1/lmss/m/n on input line 23.
LaTeX Font Info:    Overwriting math alphabet `\mathit' in version `normal'
(Font)                  OT1/cmr/m/it --> OT1/lmr/m/it on input line 24.
LaTeX Font Info:    Overwriting math alphabet `\mathtt' in version `normal'
(Font)                  OT1/cmtt/m/n --> OT1/lmtt/m/n on input line 25.
LaTeX Font Info:    Overwriting math alphabet `\mathbf' in version `bold'
(Font)                  OT1/cmr/bx/n --> OT1/lmr/bx/n on input line 26.
LaTeX Font Info:    Overwriting math alphabet `\mathsf' in version `bold'
(Font)                  OT1/cmss/bx/n --> OT1/lmss/bx/n on input line 27.
LaTeX Font Info:    Overwriting math alphabet `\mathit' in version `bold'
(Font)                  OT1/cmr/bx/it --> OT1/lmr/bx/it on input line 28.
LaTeX Font Info:    Overwriting math alphabet `\mathtt' in version `bold'
(Font)                  OT1/cmtt/m/n --> OT1/lmtt/m/n on input line 29.
)
(/usr/share/texmf-dist/tex/latex/base/inputenc.sty
Package: inputenc 2006/05/05 v1.1b Input encoding file
\inpenc@prehook=\toks16
\inpenc@posthook=\toks17

(/usr/share/texmf-dist/tex/latex/base/latin2.def
File: latin2.def 2006/05/05 v1.1b Input encoding file
)) (./polsl-msth.aux)
\openout1 = `polsl-msth.aux'.

LaTeX Font Info:    Checking defaults for OML/cmm/m/it on input line 153.
LaTeX Font Info:    ... okay on input line 153.
LaTeX Font Info:    Checking defaults for T1/cmr/m/n on input line 153.
LaTeX Font Info:    ... okay on input line 153.
LaTeX Font Info:    Checking defaults for OT1/cmr/m/n on input line 153.
LaTeX Font Info:    ... okay on input line 153.
LaTeX Font Info:    Checking defaults for OMS/cmsy/m/n on input line 153.
LaTeX Font Info:    ... okay on input line 153.
LaTeX Font Info:    Checking defaults for OMX/cmex/m/n on input line 153.
LaTeX Font Info:    ... okay on input line 153.
LaTeX Font Info:    Checking defaults for U/cmr/m/n on input line 153.
LaTeX Font Info:    ... okay on input line 153.
LaTeX Font Info:    Try loading font information for T1+lmr on input line 153.

(/usr/share/texmf-dist/tex/latex/lm/t1lmr.fd
File: t1lmr.fd 2007/01/14 v1.3 Font defs for Latin Modern
)
Package doc Info: Made | a short reference for \verb on input line 153.
 (./polsl-msth.dtx
LaTeX Font Info:    Try loading font information for T1+lmss on input line 169.


(/usr/share/texmf-dist/tex/latex/lm/t1lmss.fd
File: t1lmss.fd 2007/01/14 v1.3 Font defs for Latin Modern
)
LaTeX Font Info:    Try loading font information for OT1+lmr on input line 169.


(/usr/share/texmf-dist/tex/latex/lm/ot1lmr.fd
File: ot1lmr.fd 2007/01/14 v1.3 Font defs for Latin Modern
)
LaTeX Font Info:    Try loading font information for OML+lmm on input line 169.


(/usr/share/texmf-dist/tex/latex/lm/omllmm.fd
File: omllmm.fd 2007/01/14 v1.3 Font defs for Latin Modern
)
LaTeX Font Info:    Try loading font information for OMS+lmsy on input line 169
.

(/usr/share/texmf-dist/tex/latex/lm/omslmsy.fd
File: omslmsy.fd 2007/01/14 v1.3 Font defs for Latin Modern
)
LaTeX Font Info:    Try loading font information for OMX+lmex on input line 169
.

(/usr/share/texmf-dist/tex/latex/lm/omxlmex.fd
File: omxlmex.fd 2007/01/14 v1.3 Font defs for Latin Modern
)
LaTeX Font Info:    External font `lmex10' loaded for size
(Font)              <17.28> on input line 169.
LaTeX Font Info:    External font `lmex10' loaded for size
(Font)              <12> on input line 169.
LaTeX Font Info:    External font `lmex10' loaded for size
(Font)              <10> on input line 169.
LaTeX Font Info:    External font `lmex10' loaded for size
(Font)              <8> on input line 169.
LaTeX Font Info:    External font `lmex10' loaded for size
(Font)              <6> on input line 169.
LaTeX Font Info:    External font `lmex10' loaded for size
(Font)              <5> on input line 169.
LaTeX Font Info:    Try loading font information for T1+lmtt on input line 187.


(/usr/share/texmf-dist/tex/latex/lm/t1lmtt.fd
File: t1lmtt.fd 2007/01/14 v1.3 Font defs for Latin Modern
)
LaTeX Font Info:    External font `lmex10' loaded for size
(Font)              <9> on input line 191.
LaTeX Font Info:    Try loading font information for OT1+lmss on input line 191
.

(/usr/share/texmf-dist/tex/latex/lm/ot1lmss.fd
File: ot1lmss.fd 2007/01/14 v1.3 Font defs for Latin Modern
) [1

{/usr/share/texmf/fonts/map/pdftex/updmap/pdftex.map}]
Overfull \hbox (47.84096pt too wide) in paragraph at lines 249--249
 [][]\T1/lmtt/m/n/9 \def\facultydefault{Faculty of Automatic Control, Electroni
cs and Computer Science} 
 []


Overfull \hbox (0.59105pt too wide) in paragraph at lines 249--249
 [][]\T1/lmtt/m/n/9 Stycze\'n\or Luty\or Marzec\or Kwiecie\'n\or Maj\or Czerwie
c\or Lipiec\or 
 []

[2] [3] [4]
Overfull \hbox (66.74092pt too wide) in paragraph at lines 465--465
 [][]\T1/lmtt/m/n/9 \newcommand{\@bigfontsc}{\fontfamily{phv}\fontsize{18}{18}\
bfseries\scshape\selectfont} 
 []

[5]
Overfull \hbox (43.11597pt too wide) in paragraph at lines 500--500
 [][]\T1/lmtt/m/n/9 \def\@makestatementdots#1{\hbox to #1{\cleaders\hbox to 0.8
ex{$\hss.\hss$}\hfill}} 
 []

[6]
Overfull \hbox (14.76602pt too wide) in paragraph at lines 500--500
 [][]\T1/lmtt/m/n/9 \hfill \hbox to 7.2cm{\hfill\scriptsize \it (po\'swiadczeni
e wiarygodno\'sci 
 []

[7] (./polsl-msth.gls) (./polsl-msth.ind [8]
Overfull \hbox (14.06367pt too wide) in paragraph at lines 16--17
[][]\T1/lmtt/m/n/9 \@latex@warning@no@line   
 []

[9])
**********************************
* This macro file has no checksum!
* The checksum should be 476!
**********************************
) [10] (./polsl-msth.aux) ) 
Here is how much of TeX's memory you used:
 1355 strings out of 493886
 16777 string characters out of 1155695
 76043 words of memory out of 3000000
 4612 multiletter control sequences out of 10000+50000
 74407 words of font info for 54 fonts, out of 3000000 for 5000
 714 hyphenation exceptions out of 8191
 30i,9n,22p,280b,407s stack positions out of 5000i,500n,10000p,200000b,50000s
{/usr/share/texmf-dist/fonts/enc/dvips/lm/lm-ec.enc}
{/usr/share/texmf-dist/fonts/enc/dvips/lm/lm-mathit.enc}{/usr/share/texmf-dist/
fonts/enc/dvips/lm/lm-mathsy.enc}{/usr/share/texmf-dist/fonts/enc/dvips/lm/lm-r
m.enc}</usr/share/texmf-dist/fonts/type1/public/lm/lmbx10.pfb></usr/share/texmf
-dist/fonts/type1/public/lm/lmbx12.pfb></usr/share/texmf-dist/fonts/type1/publi
c/lm/lmbx9.pfb></usr/share/texmf-dist/fonts/type1/public/lm/lmmi9.pfb></usr/sha
re/texmf-dist/fonts/type1/public/lm/lmr10.pfb></usr/share/texmf-dist/fonts/type
1/public/lm/lmr12.pfb></usr/share/texmf-dist/fonts/type1/public/lm/lmr17.pfb></
usr/share/texmf-dist/fonts/type1/public/lm/lmr7.pfb></usr/share/texmf-dist/font
s/type1/public/lm/lmr8.pfb></usr/share/texmf-dist/fonts/type1/public/lm/lmr9.pf
b></usr/share/texmf-dist/fonts/type1/public/lm/lmss17.pfb></usr/share/texmf-dis
t/fonts/type1/public/lm/lmss9.pfb></usr/share/texmf-dist/fonts/type1/public/lm/
lmsy10.pfb></usr/share/texmf-dist/fonts/type1/public/lm/lmsy6.pfb></usr/share/t
exmf-dist/fonts/type1/public/lm/lmsy8.pfb></usr/share/texmf-dist/fonts/type1/pu
blic/lm/lmsy9.pfb></usr/share/texmf-dist/fonts/type1/public/lm/lmtt10.pfb></usr
/share/texmf-dist/fonts/type1/public/lm/lmtt9.pfb>
Output written on polsl-msth.pdf (10 pages, 361629 bytes).
PDF statistics:
 111 PDF objects out of 1000 (max. 8388607)
 0 named destinations out of 1000 (max. 131072)
 1 words of extra memory for PDF output out of 10000 (max. 10000000)

